Release 13.2 - xst O.61xd (nt64)
Copyright (c) 1995-2011 Xilinx, Inc.  All rights reserved.
--> Parameter TMPDIR set to xst/projnav.tmp


Total REAL time to Xst completion: 0.00 secs
Total CPU time to Xst completion: 0.22 secs
 
--> Parameter xsthdpdir set to xst


Total REAL time to Xst completion: 0.00 secs
Total CPU time to Xst completion: 0.22 secs
 
--> Reading design: atc.prj

TABLE OF CONTENTS
  1) Synthesis Options Summary
  2) HDL Compilation
  3) Design Hierarchy Analysis
  4) HDL Analysis
  5) HDL Synthesis
     5.1) HDL Synthesis Report
  6) Advanced HDL Synthesis
     6.1) Advanced HDL Synthesis Report
  7) Low Level Synthesis
  8) Partition Report
  9) Final Report
	9.1) Device utilization summary
	9.2) Partition Resource Summary
	9.3) TIMING REPORT


=========================================================================
*                      Synthesis Options Summary                        *
=========================================================================
---- Source Parameters
Input File Name                    : "atc.prj"
Input Format                       : mixed
Ignore Synthesis Constraint File   : NO

---- Target Parameters
Output File Name                   : "atc"
Output Format                      : NGC
Target Device                      : xc3s1600e-4-fg320

---- Source Options
Top Module Name                    : atc
Automatic FSM Extraction           : YES
FSM Encoding Algorithm             : Auto
Safe Implementation                : No
FSM Style                          : LUT
RAM Extraction                     : Yes
RAM Style                          : Auto
ROM Extraction                     : Yes
Mux Style                          : Auto
Decoder Extraction                 : YES
Priority Encoder Extraction        : Yes
Shift Register Extraction          : YES
Logical Shifter Extraction         : YES
XOR Collapsing                     : YES
ROM Style                          : Auto
Mux Extraction                     : Yes
Resource Sharing                   : YES
Asynchronous To Synchronous        : NO
Multiplier Style                   : Auto
Automatic Register Balancing       : No

---- Target Options
Add IO Buffers                     : YES
Global Maximum Fanout              : 500
Add Generic Clock Buffer(BUFG)     : 24
Register Duplication               : YES
Slice Packing                      : YES
Optimize Instantiated Primitives   : NO
Use Clock Enable                   : Yes
Use Synchronous Set                : Yes
Use Synchronous Reset              : Yes
Pack IO Registers into IOBs        : Auto
Equivalent register Removal        : YES

---- General Options
Optimization Goal                  : Speed
Optimization Effort                : 1
Keep Hierarchy                     : No
Netlist Hierarchy                  : As_Optimized
RTL Output                         : Yes
Global Optimization                : AllClockNets
Read Cores                         : YES
Write Timing Constraints           : NO
Cross Clock Analysis               : NO
Hierarchy Separator                : /
Bus Delimiter                      : <>
Case Specifier                     : Maintain
Slice Utilization Ratio            : 100
BRAM Utilization Ratio             : 100
Verilog 2001                       : YES
Auto BRAM Packing                  : NO
Slice Utilization Ratio Delta      : 5

=========================================================================


=========================================================================
*                          HDL Compilation                              *
=========================================================================
Compiling vhdl file "C:/Users/pc richard/Documents/EE4218/l1/lab1b/atc.vhd" in Library work.
Architecture behavioral of Entity atc is up to date.

=========================================================================
*                     Design Hierarchy Analysis                         *
=========================================================================
Analyzing hierarchy for entity <atc> in library <work> (architecture <behavioral>).


=========================================================================
*                            HDL Analysis                               *
=========================================================================
Analyzing Entity <atc> in library <work> (Architecture <behavioral>).
Entity <atc> analyzed. Unit <atc> generated.


=========================================================================
*                           HDL Synthesis                               *
=========================================================================

Performing bidirectional port resolution...

Synthesizing Unit <atc>.
    Related source file is "C:/Users/pc richard/Documents/EE4218/l1/lab1b/atc.vhd".
    Using one-hot encoding for signal <waited_for_control>.
INFO:Xst:2117 - HDL ADVISOR - Mux Selector <waited_for_control$mux0000> of Case statement line 0 was re-encoded using one-hot encoding. The case statement will be optimized (default statement optimization), but this optimization may lead to design initialization problems. To ensure the design works safely, you can:
   	- add an 'INIT' attribute on signal <waited_for_control$mux0000> (optimization is then done without any risk)
   	- use the attribute 'signal_encoding user' to avoid onehot optimization
   	- use the attribute 'safe_implementation yes' to force XST to perform a safe (but less efficient) optimization
    Using one-hot encoding for signal <waited_for_control$mux0000>.
INFO:Xst:2117 - HDL ADVISOR - Mux Selector <waited_for_control$mux0000> of Case statement line 0 was re-encoded using one-hot encoding. The case statement will be optimized (default statement optimization), but this optimization may lead to design initialization problems. To ensure the design works safely, you can:
   	- add an 'INIT' attribute on signal <waited_for_control$mux0000> (optimization is then done without any risk)
   	- use the attribute 'signal_encoding user' to avoid onehot optimization
   	- use the attribute 'safe_implementation yes' to force XST to perform a safe (but less efficient) optimization
    Found 1-bit register for signal <GRANTED>.
    Found 1-bit register for signal <DENIED>.
    Found 4-bit register for signal <WAITED_FOR_DEBUG>.
    Found 1-bit register for signal <cached_req_granted>.
    Found 26-bit up counter for signal <clk_count>.
    Found 26-bit adder for signal <clk_count$add0000> created at line 77.
    Found 1-bit register for signal <clk_div>.
    Found 1-bit register for signal <current_state<0>>.
    Found 2-bit adder for signal <current_state_0$add0000> created at line 117.
    Found 2-bit up counter for signal <display_count>.
    Found 1-bit register for signal <prev_jet_type<0>>.
    Found 4-bit comparator greatequal for signal <req_granted$cmp_ge0000> created at line 65.
    Found 4-bit register for signal <waited_for>.
    Found 4-bit adder for signal <waited_for$addsub0000> created at line 137.
    Found 3-bit register for signal <waited_for_control>.
    Found 4-bit comparator less for signal <waited_for_control$cmp_lt0000> created at line 136.
    Summary:
	inferred   2 Counter(s).
	inferred  17 D-type flip-flop(s).
	inferred   3 Adder/Subtractor(s).
	inferred   2 Comparator(s).
Unit <atc> synthesized.


=========================================================================
HDL Synthesis Report

Macro Statistics
# Adders/Subtractors                                   : 3
 2-bit adder                                           : 1
 26-bit adder                                          : 1
 4-bit adder                                           : 1
# Counters                                             : 2
 2-bit up counter                                      : 1
 26-bit up counter                                     : 1
# Registers                                            : 9
 1-bit register                                        : 6
 3-bit register                                        : 1
 4-bit register                                        : 2
# Comparators                                          : 2
 4-bit comparator greatequal                           : 1
 4-bit comparator less                                 : 1

=========================================================================

=========================================================================
*                       Advanced HDL Synthesis                          *
=========================================================================

WARNING:Xst:1293 - FF/Latch <waited_for_control_2> has a constant value of 0 in block <atc>. This FF/Latch will be trimmed during the optimization process.

=========================================================================
Advanced HDL Synthesis Report

Macro Statistics
# Adders/Subtractors                                   : 3
 2-bit adder                                           : 1
 26-bit adder                                          : 1
 4-bit adder                                           : 1
# Counters                                             : 2
 2-bit up counter                                      : 1
 26-bit up counter                                     : 1
# Registers                                            : 17
 Flip-Flops                                            : 17
# Comparators                                          : 2
 4-bit comparator greatequal                           : 1
 4-bit comparator less                                 : 1

=========================================================================

=========================================================================
*                         Low Level Synthesis                           *
=========================================================================
WARNING:Xst:1293 - FF/Latch <waited_for_control_2> has a constant value of 0 in block <atc>. This FF/Latch will be trimmed during the optimization process.

Optimizing unit <atc> ...

Mapping all equations...
Building and optimizing final netlist ...
Found area constraint ratio of 100 (+ 5) on block atc, actual ratio is 0.

Final Macro Processing ...

=========================================================================
Final Register Report

Macro Statistics
# Registers                                            : 44
 Flip-Flops                                            : 44

=========================================================================

=========================================================================
*                           Partition Report                            *
=========================================================================

Partition Implementation Status
-------------------------------

  No Partitions were found in this design.

-------------------------------

=========================================================================
*                            Final Report                               *
=========================================================================
Final Results
RTL Top Level Output File Name     : atc.ngr
Top Level Output File Name         : atc
Output Format                      : NGC
Optimization Goal                  : Speed
Keep Hierarchy                     : No

Design Statistics
# IOs                              : 11

Cell Usage :
# BELS                             : 158
#      GND                         : 1
#      INV                         : 3
#      LUT1                        : 50
#      LUT2                        : 3
#      LUT2_D                      : 1
#      LUT3                        : 7
#      LUT3_D                      : 1
#      LUT4                        : 12
#      LUT4_D                      : 1
#      LUT4_L                      : 1
#      MUXCY                       : 50
#      VCC                         : 1
#      XORCY                       : 27
# FlipFlops/Latches                : 44
#      FD                          : 37
#      FDE                         : 4
#      FDRE                        : 2
#      FDS                         : 1
# Clock Buffers                    : 1
#      BUFGP                       : 1
# IO Buffers                       : 10
#      IBUF                        : 4
#      OBUF                        : 6
=========================================================================

Device utilization summary:
---------------------------

Selected Device : 3s1600efg320-4 

 Number of Slices:                       41  out of  14752     0%  
 Number of Slice Flip Flops:             44  out of  29504     0%  
 Number of 4 input LUTs:                 79  out of  29504     0%  
 Number of IOs:                          11
 Number of bonded IOBs:                  11  out of    250     4%  
 Number of GCLKs:                         1  out of     24     4%  

---------------------------
Partition Resource Summary:
---------------------------

  No Partitions were found in this design.

---------------------------


=========================================================================
TIMING REPORT

NOTE: THESE TIMING NUMBERS ARE ONLY A SYNTHESIS ESTIMATE.
      FOR ACCURATE TIMING INFORMATION PLEASE REFER TO THE TRACE REPORT
      GENERATED AFTER PLACE-and-ROUTE.

Clock Information:
------------------
-----------------------------------+------------------------+-------+
Clock Signal                       | Clock buffer(FF name)  | Load  |
-----------------------------------+------------------------+-------+
CLK                                | BUFGP                  | 27    |
clk_div                            | NONE(current_state_0)  | 17    |
-----------------------------------+------------------------+-------+
INFO:Xst:2169 - HDL ADVISOR - Some clock signals were not automatically buffered by XST with BUFG/BUFR resources. Please use the buffer_type constraint in order to insert these buffers to the clock signals to help prevent skew problems.

Asynchronous Control Signals Information:
----------------------------------------
No asynchronous control signals found in this design

Timing Summary:
---------------
Speed Grade: -4

   Minimum period: 5.772ns (Maximum Frequency: 173.250MHz)
   Minimum input arrival time before clock: 6.764ns
   Maximum output required time after clock: 4.283ns
   Maximum combinational path delay: No path found

Timing Detail:
--------------
All values displayed in nanoseconds (ns)

=========================================================================
Timing constraint: Default period analysis for Clock 'CLK'
  Clock period: 4.850ns (frequency: 206.186MHz)
  Total number of paths / destination ports: 377 / 27
-------------------------------------------------------------------------
Delay:               4.850ns (Levels of Logic = 26)
  Source:            clk_count_1 (FF)
  Destination:       clk_div (FF)
  Source Clock:      CLK rising
  Destination Clock: CLK rising

  Data Path: clk_count_1 to clk_div
                                Gate     Net
    Cell:in->out      fanout   Delay   Delay  Logical Name (Net Name)
    ----------------------------------------  ------------
     FD:C->Q               2   0.591   0.622  clk_count_1 (clk_count_1)
     LUT1:I0->O            1   0.704   0.000  Madd_clk_count_add0000_cy<1>_rt (Madd_clk_count_add0000_cy<1>_rt)
     MUXCY:S->O            1   0.464   0.000  Madd_clk_count_add0000_cy<1> (Madd_clk_count_add0000_cy<1>)
     MUXCY:CI->O           1   0.059   0.000  Madd_clk_count_add0000_cy<2> (Madd_clk_count_add0000_cy<2>)
     MUXCY:CI->O           1   0.059   0.000  Madd_clk_count_add0000_cy<3> (Madd_clk_count_add0000_cy<3>)
     MUXCY:CI->O           1   0.059   0.000  Madd_clk_count_add0000_cy<4> (Madd_clk_count_add0000_cy<4>)
     MUXCY:CI->O           1   0.059   0.000  Madd_clk_count_add0000_cy<5> (Madd_clk_count_add0000_cy<5>)
     MUXCY:CI->O           1   0.059   0.000  Madd_clk_count_add0000_cy<6> (Madd_clk_count_add0000_cy<6>)
     MUXCY:CI->O           1   0.059   0.000  Madd_clk_count_add0000_cy<7> (Madd_clk_count_add0000_cy<7>)
     MUXCY:CI->O           1   0.059   0.000  Madd_clk_count_add0000_cy<8> (Madd_clk_count_add0000_cy<8>)
     MUXCY:CI->O           1   0.059   0.000  Madd_clk_count_add0000_cy<9> (Madd_clk_count_add0000_cy<9>)
     MUXCY:CI->O           1   0.059   0.000  Madd_clk_count_add0000_cy<10> (Madd_clk_count_add0000_cy<10>)
     MUXCY:CI->O           1   0.059   0.000  Madd_clk_count_add0000_cy<11> (Madd_clk_count_add0000_cy<11>)
     MUXCY:CI->O           1   0.059   0.000  Madd_clk_count_add0000_cy<12> (Madd_clk_count_add0000_cy<12>)
     MUXCY:CI->O           1   0.059   0.000  Madd_clk_count_add0000_cy<13> (Madd_clk_count_add0000_cy<13>)
     MUXCY:CI->O           1   0.059   0.000  Madd_clk_count_add0000_cy<14> (Madd_clk_count_add0000_cy<14>)
     MUXCY:CI->O           1   0.059   0.000  Madd_clk_count_add0000_cy<15> (Madd_clk_count_add0000_cy<15>)
     MUXCY:CI->O           1   0.059   0.000  Madd_clk_count_add0000_cy<16> (Madd_clk_count_add0000_cy<16>)
     MUXCY:CI->O           1   0.059   0.000  Madd_clk_count_add0000_cy<17> (Madd_clk_count_add0000_cy<17>)
     MUXCY:CI->O           1   0.059   0.000  Madd_clk_count_add0000_cy<18> (Madd_clk_count_add0000_cy<18>)
     MUXCY:CI->O           1   0.059   0.000  Madd_clk_count_add0000_cy<19> (Madd_clk_count_add0000_cy<19>)
     MUXCY:CI->O           1   0.059   0.000  Madd_clk_count_add0000_cy<20> (Madd_clk_count_add0000_cy<20>)
     MUXCY:CI->O           1   0.059   0.000  Madd_clk_count_add0000_cy<21> (Madd_clk_count_add0000_cy<21>)
     MUXCY:CI->O           1   0.059   0.000  Madd_clk_count_add0000_cy<22> (Madd_clk_count_add0000_cy<22>)
     MUXCY:CI->O           1   0.059   0.000  Madd_clk_count_add0000_cy<23> (Madd_clk_count_add0000_cy<23>)
     MUXCY:CI->O           0   0.059   0.000  Madd_clk_count_add0000_cy<24> (Madd_clk_count_add0000_cy<24>)
     XORCY:CI->O           1   0.804   0.000  Madd_clk_count_add0000_xor<25> (clk_count_add0000<25>)
     FD:D                      0.308          clk_div
    ----------------------------------------
    Total                      4.850ns (4.228ns logic, 0.622ns route)
                                       (87.2% logic, 12.8% route)

=========================================================================
Timing constraint: Default period analysis for Clock 'clk_div'
  Clock period: 5.772ns (frequency: 173.250MHz)
  Total number of paths / destination ports: 97 / 23
-------------------------------------------------------------------------
Delay:               5.772ns (Levels of Logic = 3)
  Source:            current_state_0 (FF)
  Destination:       waited_for_0 (FF)
  Source Clock:      clk_div rising
  Destination Clock: clk_div rising

  Data Path: current_state_0 to waited_for_0
                                Gate     Net
    Cell:in->out      fanout   Delay   Delay  Logical Name (Net Name)
    ----------------------------------------  ------------
     FD:C->Q              10   0.591   0.961  current_state_0 (current_state_0)
     LUT2_D:I1->LO         1   0.704   0.104  waited_for_control_mux0000<1>11 (N23)
     LUT4:I3->O            6   0.704   0.673  waited_for_control_mux0000<1>1 (waited_for_control_mux0000<1>)
     LUT4:I3->O            1   0.704   0.420  waited_for_mux0000<0>_SW0 (N20)
     FDS:S                     0.911          waited_for_0
    ----------------------------------------
    Total                      5.772ns (3.614ns logic, 2.158ns route)
                                       (62.6% logic, 37.4% route)

=========================================================================
Timing constraint: Default OFFSET IN BEFORE for Clock 'clk_div'
  Total number of paths / destination ports: 77 / 18
-------------------------------------------------------------------------
Offset:              6.764ns (Levels of Logic = 4)
  Source:            TYPE_NUMBER<0> (PAD)
  Destination:       waited_for_0 (FF)
  Destination Clock: clk_div rising

  Data Path: TYPE_NUMBER<0> to waited_for_0
                                Gate     Net
    Cell:in->out      fanout   Delay   Delay  Logical Name (Net Name)
    ----------------------------------------  ------------
     IBUF:I->O             2   1.218   0.622  TYPE_NUMBER_0_IBUF (TYPE_NUMBER_0_IBUF)
     LUT3:I0->O            5   0.704   0.808  cur_jet_type_0_or00001 (cur_jet_type_0_or0000)
     LUT4:I0->O            6   0.704   0.673  waited_for_control_mux0000<1>1 (waited_for_control_mux0000<1>)
     LUT4:I3->O            1   0.704   0.420  waited_for_mux0000<0>_SW0 (N20)
     FDS:S                     0.911          waited_for_0
    ----------------------------------------
    Total                      6.764ns (4.241ns logic, 2.523ns route)
                                       (62.7% logic, 37.3% route)

=========================================================================
Timing constraint: Default OFFSET OUT AFTER for Clock 'clk_div'
  Total number of paths / destination ports: 6 / 6
-------------------------------------------------------------------------
Offset:              4.283ns (Levels of Logic = 1)
  Source:            DENIED (FF)
  Destination:       DENIED (PAD)
  Source Clock:      clk_div rising

  Data Path: DENIED to DENIED
                                Gate     Net
    Cell:in->out      fanout   Delay   Delay  Logical Name (Net Name)
    ----------------------------------------  ------------
     FDE:C->Q              1   0.591   0.420  DENIED (DENIED_OBUF)
     OBUF:I->O                 3.272          DENIED_OBUF (DENIED)
    ----------------------------------------
    Total                      4.283ns (3.863ns logic, 0.420ns route)
                                       (90.2% logic, 9.8% route)

=========================================================================


Total REAL time to Xst completion: 12.00 secs
Total CPU time to Xst completion: 11.42 secs
 
--> 

Total memory usage is 242912 kilobytes

Number of errors   :    0 (   0 filtered)
Number of warnings :    2 (   0 filtered)
Number of infos    :    3 (   0 filtered)

