ISim log file
Running: C:\Users\pc richard\Documents\EE4218\l1\lab1b\test_atc_isim_beh.exe -intstyle ise -gui -tclbatch isim.cmd -wdb C:/Users/pc richard/Documents/EE4218/l1/lab1b/test_atc_isim_beh.wdb 
ISim O.61xd (signature 0x1cce1bb2)
This is a Full version of ISim.
Time resolution is 1 ps
# onerror resume
# wave add /
# run 1000 ns
Simulator is doing circuit initialization process.
Finished circuit initialization process.
at 210 ns: Error: Test Fail
at 240 ns: Error: Test Fail
at 240 ns: Error: Wrong wait val
at 250 ns: Error: Test Fail
at 250 ns: Error: Wrong wait val
at 280 ns: Error: Test Fail
at 280 ns: Error: Wrong wait val
at 290 ns: Error: Test Fail
at 290 ns: Error: Wrong wait val
at 320 ns: Error: Test Fail
at 330 ns: Error: Test Fail
at 360 ns: Error: Test Fail
at 370 ns: Error: Test Fail
at 410 ns: Error: Test Fail
at 450 ns: Error: Test Fail
at 480 ns: Error: Test Fail
at 490 ns: Error: Test Fail
at 520 ns: Error: Test Fail
at 530 ns: Error: Test Fail
at 530 ns: Error: Test Fail
at 560 ns: Error: Test Fail
